<?xml version="1.0" encoding="UTF-8"?>
<!-- Generated by org.testng.reporters.JUnitReportReporter -->
<testsuite skipped="0" hostname="LAPTOP-I3ABMITL" name="testCases.Test_User_Login" tests="3" failures="0" timestamp="2022-01-30T20:30:19 CET" time="3.625" errors="0">
  <testcase name="getText" time="0.864" classname="testCases.Test_User_Login"/>
  <system-out/>
  <testcase name="forgotPassword" time="1.653" classname="testCases.Test_User_Login"/>
  <system-out/>
  <testcase name="login" time="1.108" classname="testCases.Test_User_Login"/>
  <system-out/>
</testsuite> <!-- testCases.Test_User_Login -->
